OPTIMIZATION OUTPUT
-----------------

Init State: {'X1': {'AvailableLand': 2, 'Water': 3000, 'Population': 25, 'PopulationWaste': 12, 'MetallicElements': 2, 'Timber': 2, 'Farm': 2, 'FarmWaste': 2, 'MetallicAlloys': 2, 'MetallicAlloysWaste': 2, 'Electronics': 2, 'ElectronicsWaste': 2, 'Housing': 2, 'HousingWaste': 2, 'Food': 1, 'FoodWaste': 0, 'PotentialFossilEnergy': 1000, 'PotentialFossilEnergyUsable': 5, 'PotentialFossilEnergyUsableWaste': 0, 'PotentialRenewableEnergy': 1000, 'PotentialRenewableEnergyUsable': 5, 'PotentialRenewableEnergyUsableWaste': 0}, 'X2': {'AvailableLand': 100, 'Water': 100, 'Population': 20, 'PopulationWaste': 0, 'MetallicElements': 100, 'Timber': 100, 'Farm': 100, 'FarmWaste': 0, 'MetallicAlloys': 100, 'MetallicAlloysWaste': 0, 'Electronics': 100, 'ElectronicsWaste': 0, 'Housing': 100, 'HousingWaste': 0, 'Food': 100, 'FoodWaste': 0, 'PotentialFossilEnergy': 100, 'PotentialFossilEnergyUsable': 100, 'PotentialFossilEnergyUsableWaste': 10, 'PotentialRenewableEnergy': 100, 'PotentialRenewableEnergyUsable': 100, 'PotentialRenewableEnergyUsableWaste': 10}, 'X3': {'AvailableLand': 120, 'Water': 10, 'Population': 30, 'PopulationWaste': 10, 'MetallicElements': 50, 'Timber': 50, 'Farm': 200, 'FarmWaste': 100, 'MetallicAlloys': 100, 'MetallicAlloysWaste': 50, 'Electronics': 40, 'ElectronicsWaste': 20, 'Housing': 30, 'HousingWaste': 10, 'Food': 40, 'FoodWaste': 10, 'PotentialFossilEnergy': 10, 'PotentialFossilEnergyUsable': 10, 'PotentialFossilEnergyUsableWaste': 10, 'PotentialRenewableEnergy': 10, 'PotentialRenewableEnergyUsable': 10, 'PotentialRenewableEnergyUsableWaste': 10}}
My Country: X1
Parameters: (Frontier size: 15, Maximum depth 5, Output size: 15, Depth penalty(gamma): 0.99, Sigmoid parameter(k): 0.3, Cost of failure(c): -1)

Optimization Runtime (seconds): 86.783158

Output Schedules:
SCHEDULE
---------
	Final EU: 15.199974401039462
	Actions:
		TRANSFER:
			Country1: X1, Resource1: Water, Amount1: 23.0
			Country2: X3, Resource2: Food, Amount2: 23.0
			Statistics: (Reward: 22.689551251656532, Likelihood: 0.5559501923447205, Exp_Utility: 12.170210574918565
		TRANSFER:
			Country1: X1, Resource1: Water, Amount1: 12
			Country2: X3, Resource2: Electronics, Amount2: 32
			Statistics: (Reward: 36.94281604593867, Likelihood: 0.42695761910306285, Exp_Utility: 15.199974401039462
SCHEDULE
---------
	Final EU: 14.947741564797877
	Actions:
		TRANSFER:
			Country1: X1, Resource1: Water, Amount1: 23.0
			Country2: X3, Resource2: Food, Amount2: 23.0
			Statistics: (Reward: 22.689551251656532, Likelihood: 0.5559501923447205, Exp_Utility: 12.170210574918565
		TRANSFER:
			Country1: X1, Resource1: Water, Amount1: 12
			Country2: X3, Resource2: Electronics, Amount2: 32
			Statistics: (Reward: 36.94281604593867, Likelihood: 0.42695761910306285, Exp_Utility: 15.199974401039462
		TRANSFORM:
			Country: X1
			Input: [Population: 1,MetallicElements: 2]
			Output: [Population: 1,MetallicAlloys: 1,MetallicAlloysWaste: 1]
			Statistics: (Reward: 36.352048192278, Likelihood: 0.42695761910306285, Exp_Utility: 14.947741564797877
SCHEDULE
---------
	Final EU: 14.947741564797877
	Actions:
		TRANSFER:
			Country1: X1, Resource1: Water, Amount1: 23.0
			Country2: X3, Resource2: Food, Amount2: 23.0
			Statistics: (Reward: 22.689551251656532, Likelihood: 0.5559501923447205, Exp_Utility: 12.170210574918565
		TRANSFER:
			Country1: X1, Resource1: Water, Amount1: 12
			Country2: X3, Resource2: Electronics, Amount2: 32
			Statistics: (Reward: 36.94281604593867, Likelihood: 0.42695761910306285, Exp_Utility: 15.199974401039462
		TRANSFORM:
			Country: X1
			Input: [Population: 1,Farm: 1,Water: 1]
			Output: [Population: 1,Farm: 1,Food: 3]
			Statistics: (Reward: 36.352048192278, Likelihood: 0.42695761910306285, Exp_Utility: 14.947741564797877
SCHEDULE
---------
	Final EU: 14.947741564797877
	Actions:
		TRANSFER:
			Country1: X1, Resource1: Water, Amount1: 23.0
			Country2: X3, Resource2: Food, Amount2: 23.0
			Statistics: (Reward: 22.689551251656532, Likelihood: 0.5559501923447205, Exp_Utility: 12.170210574918565
		TRANSFER:
			Country1: X1, Resource1: Water, Amount1: 12
			Country2: X3, Resource2: Electronics, Amount2: 32
			Statistics: (Reward: 36.94281604593867, Likelihood: 0.42695761910306285, Exp_Utility: 15.199974401039462
		TRANSFORM:
			Country: X1
			Input: [Population: 2,Farm: 2,Water: 2]
			Output: [Population: 2,Farm: 2,Food: 6]
			Statistics: (Reward: 36.352048192278, Likelihood: 0.42695761910306285, Exp_Utility: 14.947741564797877
SCHEDULE
---------
	Final EU: 14.947741564797877
	Actions:
		TRANSFER:
			Country1: X1, Resource1: Water, Amount1: 23.0
			Country2: X3, Resource2: Food, Amount2: 23.0
			Statistics: (Reward: 22.689551251656532, Likelihood: 0.5559501923447205, Exp_Utility: 12.170210574918565
		TRANSFER:
			Country1: X1, Resource1: Water, Amount1: 12
			Country2: X3, Resource2: Electronics, Amount2: 32
			Statistics: (Reward: 36.94281604593867, Likelihood: 0.42695761910306285, Exp_Utility: 15.199974401039462
		TRANSFORM:
			Country: X1
			Input: [Population: 1,PotentialFossilEnergy: 1,Electronics: 1]
			Output: [Population: 1,PotentialFossilEnergyUsable: 1,Electronics: 1,PotentialFossilEnergyUsableWaste: 1]
			Statistics: (Reward: 36.352048192278, Likelihood: 0.42695761910306285, Exp_Utility: 14.947741564797877
SCHEDULE
---------
	Final EU: 14.947741564797877
	Actions:
		TRANSFER:
			Country1: X1, Resource1: Water, Amount1: 23.0
			Country2: X3, Resource2: Food, Amount2: 23.0
			Statistics: (Reward: 22.689551251656532, Likelihood: 0.5559501923447205, Exp_Utility: 12.170210574918565
		TRANSFER:
			Country1: X1, Resource1: Water, Amount1: 12
			Country2: X3, Resource2: Electronics, Amount2: 32
			Statistics: (Reward: 36.94281604593867, Likelihood: 0.42695761910306285, Exp_Utility: 15.199974401039462
		TRANSFORM:
			Country: X1
			Input: [Population: 2,PotentialFossilEnergy: 2,Electronics: 2]
			Output: [Population: 2,PotentialFossilEnergyUsable: 2,Electronics: 2,PotentialFossilEnergyUsableWaste: 2]
			Statistics: (Reward: 36.352048192278, Likelihood: 0.42695761910306285, Exp_Utility: 14.947741564797877
SCHEDULE
---------
	Final EU: 14.947741564797877
	Actions:
		TRANSFER:
			Country1: X1, Resource1: Water, Amount1: 23.0
			Country2: X3, Resource2: Food, Amount2: 23.0
			Statistics: (Reward: 22.689551251656532, Likelihood: 0.5559501923447205, Exp_Utility: 12.170210574918565
		TRANSFER:
			Country1: X1, Resource1: Water, Amount1: 12
			Country2: X3, Resource2: Electronics, Amount2: 32
			Statistics: (Reward: 36.94281604593867, Likelihood: 0.42695761910306285, Exp_Utility: 15.199974401039462
		TRANSFORM:
			Country: X1
			Input: [Population: 3,PotentialFossilEnergy: 3,Electronics: 3]
			Output: [Population: 3,PotentialFossilEnergyUsable: 3,Electronics: 3,PotentialFossilEnergyUsableWaste: 3]
			Statistics: (Reward: 36.352048192278, Likelihood: 0.42695761910306285, Exp_Utility: 14.947741564797877
SCHEDULE
---------
	Final EU: 14.947741564797877
	Actions:
		TRANSFER:
			Country1: X1, Resource1: Water, Amount1: 23.0
			Country2: X3, Resource2: Food, Amount2: 23.0
			Statistics: (Reward: 22.689551251656532, Likelihood: 0.5559501923447205, Exp_Utility: 12.170210574918565
		TRANSFER:
			Country1: X1, Resource1: Water, Amount1: 12
			Country2: X3, Resource2: Electronics, Amount2: 32
			Statistics: (Reward: 36.94281604593867, Likelihood: 0.42695761910306285, Exp_Utility: 15.199974401039462
		TRANSFORM:
			Country: X1
			Input: [Population: 4,PotentialFossilEnergy: 4,Electronics: 4]
			Output: [Population: 4,PotentialFossilEnergyUsable: 4,Electronics: 4,PotentialFossilEnergyUsableWaste: 4]
			Statistics: (Reward: 36.352048192278, Likelihood: 0.42695761910306285, Exp_Utility: 14.947741564797877
SCHEDULE
---------
	Final EU: 14.947741564797877
	Actions:
		TRANSFER:
			Country1: X1, Resource1: Water, Amount1: 23.0
			Country2: X3, Resource2: Food, Amount2: 23.0
			Statistics: (Reward: 22.689551251656532, Likelihood: 0.5559501923447205, Exp_Utility: 12.170210574918565
		TRANSFER:
			Country1: X1, Resource1: Water, Amount1: 12
			Country2: X3, Resource2: Electronics, Amount2: 32
			Statistics: (Reward: 36.94281604593867, Likelihood: 0.42695761910306285, Exp_Utility: 15.199974401039462
		TRANSFORM:
			Country: X1
			Input: [Population: 5,PotentialFossilEnergy: 5,Electronics: 5]
			Output: [Population: 5,PotentialFossilEnergyUsable: 5,Electronics: 5,PotentialFossilEnergyUsableWaste: 5]
			Statistics: (Reward: 36.352048192278, Likelihood: 0.42695761910306285, Exp_Utility: 14.947741564797877
SCHEDULE
---------
	Final EU: 14.947741564797877
	Actions:
		TRANSFER:
			Country1: X1, Resource1: Water, Amount1: 23.0
			Country2: X3, Resource2: Food, Amount2: 23.0
			Statistics: (Reward: 22.689551251656532, Likelihood: 0.5559501923447205, Exp_Utility: 12.170210574918565
		TRANSFER:
			Country1: X1, Resource1: Water, Amount1: 12
			Country2: X3, Resource2: Electronics, Amount2: 32
			Statistics: (Reward: 36.94281604593867, Likelihood: 0.42695761910306285, Exp_Utility: 15.199974401039462
		TRANSFORM:
			Country: X1
			Input: [Population: 6,PotentialFossilEnergy: 6,Electronics: 6]
			Output: [Population: 6,PotentialFossilEnergyUsable: 6,Electronics: 6,PotentialFossilEnergyUsableWaste: 6]
			Statistics: (Reward: 36.352048192278, Likelihood: 0.42695761910306285, Exp_Utility: 14.947741564797877
SCHEDULE
---------
	Final EU: 14.947741564797877
	Actions:
		TRANSFER:
			Country1: X1, Resource1: Water, Amount1: 23.0
			Country2: X3, Resource2: Food, Amount2: 23.0
			Statistics: (Reward: 22.689551251656532, Likelihood: 0.5559501923447205, Exp_Utility: 12.170210574918565
		TRANSFER:
			Country1: X1, Resource1: Water, Amount1: 12
			Country2: X3, Resource2: Electronics, Amount2: 32
			Statistics: (Reward: 36.94281604593867, Likelihood: 0.42695761910306285, Exp_Utility: 15.199974401039462
		TRANSFORM:
			Country: X1
			Input: [Population: 7,PotentialFossilEnergy: 7,Electronics: 7]
			Output: [Population: 7,PotentialFossilEnergyUsable: 7,Electronics: 7,PotentialFossilEnergyUsableWaste: 7]
			Statistics: (Reward: 36.352048192278, Likelihood: 0.42695761910306285, Exp_Utility: 14.947741564797877
SCHEDULE
---------
	Final EU: 14.947741564797877
	Actions:
		TRANSFER:
			Country1: X1, Resource1: Water, Amount1: 23.0
			Country2: X3, Resource2: Food, Amount2: 23.0
			Statistics: (Reward: 22.689551251656532, Likelihood: 0.5559501923447205, Exp_Utility: 12.170210574918565
		TRANSFER:
			Country1: X1, Resource1: Water, Amount1: 12
			Country2: X3, Resource2: Electronics, Amount2: 32
			Statistics: (Reward: 36.94281604593867, Likelihood: 0.42695761910306285, Exp_Utility: 15.199974401039462
		TRANSFORM:
			Country: X1
			Input: [Population: 8,PotentialFossilEnergy: 8,Electronics: 8]
			Output: [Population: 8,PotentialFossilEnergyUsable: 8,Electronics: 8,PotentialFossilEnergyUsableWaste: 8]
			Statistics: (Reward: 36.352048192278, Likelihood: 0.42695761910306285, Exp_Utility: 14.947741564797877
SCHEDULE
---------
	Final EU: 14.947741564797877
	Actions:
		TRANSFER:
			Country1: X1, Resource1: Water, Amount1: 23.0
			Country2: X3, Resource2: Food, Amount2: 23.0
			Statistics: (Reward: 22.689551251656532, Likelihood: 0.5559501923447205, Exp_Utility: 12.170210574918565
		TRANSFER:
			Country1: X1, Resource1: Water, Amount1: 12
			Country2: X3, Resource2: Electronics, Amount2: 32
			Statistics: (Reward: 36.94281604593867, Likelihood: 0.42695761910306285, Exp_Utility: 15.199974401039462
		TRANSFORM:
			Country: X1
			Input: [Population: 9,PotentialFossilEnergy: 9,Electronics: 9]
			Output: [Population: 9,PotentialFossilEnergyUsable: 9,Electronics: 9,PotentialFossilEnergyUsableWaste: 9]
			Statistics: (Reward: 36.352048192278, Likelihood: 0.42695761910306285, Exp_Utility: 14.947741564797877
SCHEDULE
---------
	Final EU: 14.947741564797877
	Actions:
		TRANSFER:
			Country1: X1, Resource1: Water, Amount1: 23.0
			Country2: X3, Resource2: Food, Amount2: 23.0
			Statistics: (Reward: 22.689551251656532, Likelihood: 0.5559501923447205, Exp_Utility: 12.170210574918565
		TRANSFER:
			Country1: X1, Resource1: Water, Amount1: 12
			Country2: X3, Resource2: Electronics, Amount2: 32
			Statistics: (Reward: 36.94281604593867, Likelihood: 0.42695761910306285, Exp_Utility: 15.199974401039462
		TRANSFORM:
			Country: X1
			Input: [Population: 10,PotentialFossilEnergy: 10,Electronics: 10]
			Output: [Population: 10,PotentialFossilEnergyUsable: 10,Electronics: 10,PotentialFossilEnergyUsableWaste: 10]
			Statistics: (Reward: 36.352048192278, Likelihood: 0.42695761910306285, Exp_Utility: 14.947741564797877
SCHEDULE
---------
	Final EU: 14.947741564797877
	Actions:
		TRANSFER:
			Country1: X1, Resource1: Water, Amount1: 23.0
			Country2: X3, Resource2: Food, Amount2: 23.0
			Statistics: (Reward: 22.689551251656532, Likelihood: 0.5559501923447205, Exp_Utility: 12.170210574918565
		TRANSFER:
			Country1: X1, Resource1: Water, Amount1: 12
			Country2: X3, Resource2: Electronics, Amount2: 32
			Statistics: (Reward: 36.94281604593867, Likelihood: 0.42695761910306285, Exp_Utility: 15.199974401039462
		TRANSFORM:
			Country: X1
			Input: [Population: 11,PotentialFossilEnergy: 11,Electronics: 11]
			Output: [Population: 11,PotentialFossilEnergyUsable: 11,Electronics: 11,PotentialFossilEnergyUsableWaste: 11]
			Statistics: (Reward: 36.352048192278, Likelihood: 0.42695761910306285, Exp_Utility: 14.947741564797877
